INFO: [VRFC 10-2263] Analyzing Verilog file "C:/Users/User/Documents/Projects/SQRT_CLSA/SQRT_CLSA.srcs/sources_1/new/Carry_Select_Adder_10bit.v" into library xil_defaultlib
INFO: [VRFC 10-311] analyzing module Carry_Select_Adder_10bit
INFO: [VRFC 10-2263] Analyzing Verilog file "C:/Users/User/Documents/Projects/SQRT_CLSA/SQRT_CLSA.srcs/sources_1/new/Carry_Select_Adder_11bit.v" into library xil_defaultlib
INFO: [VRFC 10-311] analyzing module Carry_Select_Adder_11bit
INFO: [VRFC 10-2263] Analyzing Verilog file "C:/Users/User/Documents/Projects/SQRT_CLSA/SQRT_CLSA.srcs/sources_1/new/Carry_Select_Adder_4bit.v" into library xil_defaultlib
INFO: [VRFC 10-311] analyzing module Carry_Select_Adder_4bit
INFO: [VRFC 10-2263] Analyzing Verilog file "C:/Users/User/Documents/Projects/SQRT_CLSA/SQRT_CLSA.srcs/sources_1/new/Carry_Select_Adder_5bit.v" into library xil_defaultlib
INFO: [VRFC 10-311] analyzing module Carry_Select_Adder_5bit
INFO: [VRFC 10-2263] Analyzing Verilog file "C:/Users/User/Documents/Projects/SQRT_CLSA/SQRT_CLSA.srcs/sources_1/new/Carry_Select_Adder_6bit.v" into library xil_defaultlib
INFO: [VRFC 10-311] analyzing module Carry_Select_Adder_6bit
INFO: [VRFC 10-2263] Analyzing Verilog file "C:/Users/User/Documents/Projects/SQRT_CLSA/SQRT_CLSA.srcs/sources_1/new/Carry_Select_Adder_7bit.v" into library xil_defaultlib
INFO: [VRFC 10-311] analyzing module Carry_Select_Adder_7bit
INFO: [VRFC 10-2263] Analyzing Verilog file "C:/Users/User/Documents/Projects/SQRT_CLSA/SQRT_CLSA.srcs/sources_1/new/Carry_Select_Adder_8bit.v" into library xil_defaultlib
INFO: [VRFC 10-311] analyzing module Carry_Select_Adder_8bit
INFO: [VRFC 10-2263] Analyzing Verilog file "C:/Users/User/Documents/Projects/SQRT_CLSA/SQRT_CLSA.srcs/sources_1/new/Carry_Select_Adder_9bit.v" into library xil_defaultlib
INFO: [VRFC 10-311] analyzing module Carry_Select_Adder_9bit
INFO: [VRFC 10-2263] Analyzing Verilog file "C:/Users/User/Documents/Projects/SQRT_CLSA/SQRT_CLSA.srcs/sources_1/new/Full_Adder.v" into library xil_defaultlib
INFO: [VRFC 10-311] analyzing module Full_Adder
INFO: [VRFC 10-2263] Analyzing Verilog file "C:/Users/User/Documents/Projects/SQRT_CLSA/SQRT_CLSA.srcs/sources_1/new/Ripple_Carry_adder_4bit.v" into library xil_defaultlib
INFO: [VRFC 10-311] analyzing module Ripple_Carry_Adder_4bit
INFO: [VRFC 10-2263] Analyzing Verilog file "C:/Users/User/Documents/Projects/SQRT_CLSA/SQRT_CLSA.srcs/sources_1/new/SQRT_CSLA_64bit.v" into library xil_defaultlib
INFO: [VRFC 10-311] analyzing module SQRT_CSLA_64bit
INFO: [VRFC 10-2263] Analyzing Verilog file "C:/Users/User/Documents/Projects/SQRT_CLSA/SQRT_CLSA.srcs/sim_1/new/SQRT_CSLA_64bit_tb.v" into library xil_defaultlib
INFO: [VRFC 10-311] analyzing module SQRT_CSLA_64bit_tb
